2016-10-28 10:29:24 [DEBUG] - org.jboss.logging -LoggerFactory.java(29) -Logging Provider: org.jboss.logging.Log4jLoggerProvider
  2016-10-28 10:29:24 [ INFO] - org.hibernate.validator.internal.util.Version -Version.java(27) -HV000001: Hibernate Validator 5.0.3.Final
  2016-10-28 10:29:25 [DEBUG] - org.hibernate.validator.internal.engine.resolver.DefaultTraversableResolver -DefaultTraversableResolver.java(74) -Cannot find javax.persistence.Persistence on classpath. Assuming non JPA 2 environment. All properties will per default be traversable.
  2016-10-28 10:29:25 [DEBUG] - org.hibernate.validator.internal.engine.ConfigurationImpl -ConfigurationImpl.java(120) -Setting custom MessageInterpolator of type org.springframework.validation.beanvalidation.LocaleContextMessageInterpolator
  2016-10-28 10:29:25 [DEBUG] - org.hibernate.validator.internal.engine.ConfigurationImpl -ConfigurationImpl.java(140) -Setting custom ConstraintValidatorFactory of type org.springframework.validation.beanvalidation.SpringConstraintValidatorFactory
  2016-10-28 10:29:25 [DEBUG] - org.hibernate.validator.internal.engine.ConfigurationImpl -ConfigurationImpl.java(154) -Setting custom ParameterNameProvider of type com.sun.proxy.$Proxy27
  2016-10-28 10:29:25 [DEBUG] - org.hibernate.validator.internal.xml.ValidationXmlParser -ValidationXmlParser.java(88) -Trying to load META-INF/validation.xml for XML based Validator configuration.
  2016-10-28 10:29:25 [DEBUG] - org.hibernate.validator.internal.xml.ValidationXmlParser -ValidationXmlParser.java(95) -No META-INF/validation.xml found. Using annotation based configuration only.
  2016-10-28 11:34:37 [DEBUG] - org.jboss.logging -LoggerFactory.java(29) -Logging Provider: org.jboss.logging.Log4jLoggerProvider
  2016-10-28 11:34:37 [ INFO] - org.hibernate.validator.internal.util.Version -Version.java(27) -HV000001: Hibernate Validator 5.0.3.Final
  2016-10-28 11:34:37 [DEBUG] - org.hibernate.validator.internal.engine.resolver.DefaultTraversableResolver -DefaultTraversableResolver.java(74) -Cannot find javax.persistence.Persistence on classpath. Assuming non JPA 2 environment. All properties will per default be traversable.
  2016-10-28 11:34:37 [DEBUG] - org.hibernate.validator.internal.engine.ConfigurationImpl -ConfigurationImpl.java(120) -Setting custom MessageInterpolator of type org.springframework.validation.beanvalidation.LocaleContextMessageInterpolator
  2016-10-28 11:34:37 [DEBUG] - org.hibernate.validator.internal.engine.ConfigurationImpl -ConfigurationImpl.java(140) -Setting custom ConstraintValidatorFactory of type org.springframework.validation.beanvalidation.SpringConstraintValidatorFactory
  2016-10-28 11:34:37 [DEBUG] - org.hibernate.validator.internal.engine.ConfigurationImpl -ConfigurationImpl.java(154) -Setting custom ParameterNameProvider of type com.sun.proxy.$Proxy27
  2016-10-28 11:34:37 [DEBUG] - org.hibernate.validator.internal.xml.ValidationXmlParser -ValidationXmlParser.java(88) -Trying to load META-INF/validation.xml for XML based Validator configuration.
  2016-10-28 11:34:37 [DEBUG] - org.hibernate.validator.internal.xml.ValidationXmlParser -ValidationXmlParser.java(95) -No META-INF/validation.xml found. Using annotation based configuration only.
  2016-10-28 17:12:09 [DEBUG] - org.jboss.logging -LoggerFactory.java(29) -Logging Provider: org.jboss.logging.Log4jLoggerProvider
  2016-10-28 17:12:09 [ INFO] - org.hibernate.validator.internal.util.Version -Version.java(27) -HV000001: Hibernate Validator 5.0.3.Final
  2016-10-28 17:12:09 [DEBUG] - org.hibernate.validator.internal.engine.resolver.DefaultTraversableResolver -DefaultTraversableResolver.java(74) -Cannot find javax.persistence.Persistence on classpath. Assuming non JPA 2 environment. All properties will per default be traversable.
  2016-10-28 17:12:09 [DEBUG] - org.hibernate.validator.internal.engine.ConfigurationImpl -ConfigurationImpl.java(120) -Setting custom MessageInterpolator of type org.springframework.validation.beanvalidation.LocaleContextMessageInterpolator
  2016-10-28 17:12:09 [DEBUG] - org.hibernate.validator.internal.engine.ConfigurationImpl -ConfigurationImpl.java(140) -Setting custom ConstraintValidatorFactory of type org.springframework.validation.beanvalidation.SpringConstraintValidatorFactory
  2016-10-28 17:12:09 [DEBUG] - org.hibernate.validator.internal.engine.ConfigurationImpl -ConfigurationImpl.java(154) -Setting custom ParameterNameProvider of type com.sun.proxy.$Proxy27
  2016-10-28 17:12:09 [DEBUG] - org.hibernate.validator.internal.xml.ValidationXmlParser -ValidationXmlParser.java(88) -Trying to load META-INF/validation.xml for XML based Validator configuration.
  2016-10-28 17:12:09 [DEBUG] - org.hibernate.validator.internal.xml.ValidationXmlParser -ValidationXmlParser.java(95) -No META-INF/validation.xml found. Using annotation based configuration only.
  2016-10-28 18:14:10 [DEBUG] - org.jboss.logging -LoggerFactory.java(29) -Logging Provider: org.jboss.logging.Log4jLoggerProvider
  2016-10-28 18:14:10 [ INFO] - org.hibernate.validator.internal.util.Version -Version.java(27) -HV000001: Hibernate Validator 5.0.3.Final
  2016-10-28 18:14:10 [DEBUG] - org.hibernate.validator.internal.engine.resolver.DefaultTraversableResolver -DefaultTraversableResolver.java(74) -Cannot find javax.persistence.Persistence on classpath. Assuming non JPA 2 environment. All properties will per default be traversable.
  2016-10-28 18:14:10 [DEBUG] - org.hibernate.validator.internal.engine.ConfigurationImpl -ConfigurationImpl.java(120) -Setting custom MessageInterpolator of type org.springframework.validation.beanvalidation.LocaleContextMessageInterpolator
  2016-10-28 18:14:10 [DEBUG] - org.hibernate.validator.internal.engine.ConfigurationImpl -ConfigurationImpl.java(140) -Setting custom ConstraintValidatorFactory of type org.springframework.validation.beanvalidation.SpringConstraintValidatorFactory
  2016-10-28 18:14:10 [DEBUG] - org.hibernate.validator.internal.engine.ConfigurationImpl -ConfigurationImpl.java(154) -Setting custom ParameterNameProvider of type com.sun.proxy.$Proxy27
  2016-10-28 18:14:10 [DEBUG] - org.hibernate.validator.internal.xml.ValidationXmlParser -ValidationXmlParser.java(88) -Trying to load META-INF/validation.xml for XML based Validator configuration.
  2016-10-28 18:14:10 [DEBUG] - org.hibernate.validator.internal.xml.ValidationXmlParser -ValidationXmlParser.java(95) -No META-INF/validation.xml found. Using annotation based configuration only.
  2016-10-28 19:15:17 [DEBUG] - org.jboss.logging -LoggerFactory.java(29) -Logging Provider: org.jboss.logging.Log4jLoggerProvider
  2016-10-28 19:15:17 [ INFO] - org.hibernate.validator.internal.util.Version -Version.java(27) -HV000001: Hibernate Validator 5.0.3.Final
  2016-10-28 19:15:17 [DEBUG] - org.hibernate.validator.internal.engine.resolver.DefaultTraversableResolver -DefaultTraversableResolver.java(74) -Cannot find javax.persistence.Persistence on classpath. Assuming non JPA 2 environment. All properties will per default be traversable.
  2016-10-28 19:15:17 [DEBUG] - org.hibernate.validator.internal.engine.ConfigurationImpl -ConfigurationImpl.java(120) -Setting custom MessageInterpolator of type org.springframework.validation.beanvalidation.LocaleContextMessageInterpolator
  2016-10-28 19:15:17 [DEBUG] - org.hibernate.validator.internal.engine.ConfigurationImpl -ConfigurationImpl.java(140) -Setting custom ConstraintValidatorFactory of type org.springframework.validation.beanvalidation.SpringConstraintValidatorFactory
  2016-10-28 19:15:17 [DEBUG] - org.hibernate.validator.internal.engine.ConfigurationImpl -ConfigurationImpl.java(154) -Setting custom ParameterNameProvider of type com.sun.proxy.$Proxy50
  2016-10-28 19:15:17 [DEBUG] - org.hibernate.validator.internal.xml.ValidationXmlParser -ValidationXmlParser.java(88) -Trying to load META-INF/validation.xml for XML based Validator configuration.
  2016-10-28 19:15:17 [DEBUG] - org.hibernate.validator.internal.xml.ValidationXmlParser -ValidationXmlParser.java(95) -No META-INF/validation.xml found. Using annotation based configuration only.
  